d:\代码\2016年\五月\c++\链表相关的面试题\链表相关的面试题\debug\vc120.pdb
d:\代码\2016年\五月\c++\链表相关的面试题\链表相关的面试题\debug\vc120.idb
d:\代码\2016年\五月\c++\链表相关的面试题\链表相关的面试题\debug\test.obj
d:\代码\2016年\五月\c++\链表相关的面试题\debug\链表相关的面试题.pdb
d:\代码\2016年\五月\c++\链表相关的面试题\链表相关的面试题\debug\链表相关的面试题.tlog\cl.command.1.tlog
d:\代码\2016年\五月\c++\链表相关的面试题\链表相关的面试题\debug\链表相关的面试题.tlog\cl.read.1.tlog
d:\代码\2016年\五月\c++\链表相关的面试题\链表相关的面试题\debug\链表相关的面试题.tlog\cl.write.1.tlog
d:\代码\2016年\五月\c++\链表相关的面试题\链表相关的面试题\debug\链表相关的面试题.tlog\link-cvtres.read.1.tlog
d:\代码\2016年\五月\c++\链表相关的面试题\链表相关的面试题\debug\链表相关的面试题.tlog\link-cvtres.write.1.tlog
d:\代码\2016年\五月\c++\链表相关的面试题\链表相关的面试题\debug\链表相关的面试题.tlog\link-rc.read.1.tlog
d:\代码\2016年\五月\c++\链表相关的面试题\链表相关的面试题\debug\链表相关的面试题.tlog\link-rc.write.1.tlog
d:\代码\2016年\五月\c++\链表相关的面试题\链表相关的面试题\debug\链表相关的面试题.tlog\link.5032-cvtres.read.1.tlog
d:\代码\2016年\五月\c++\链表相关的面试题\链表相关的面试题\debug\链表相关的面试题.tlog\link.5032-cvtres.write.1.tlog
d:\代码\2016年\五月\c++\链表相关的面试题\链表相关的面试题\debug\链表相关的面试题.tlog\link.5032-rc.read.1.tlog
d:\代码\2016年\五月\c++\链表相关的面试题\链表相关的面试题\debug\链表相关的面试题.tlog\link.5032-rc.write.1.tlog
d:\代码\2016年\五月\c++\链表相关的面试题\链表相关的面试题\debug\链表相关的面试题.tlog\link.5032.read.1.tlog
d:\代码\2016年\五月\c++\链表相关的面试题\链表相关的面试题\debug\链表相关的面试题.tlog\link.5032.write.1.tlog
d:\代码\2016年\五月\c++\链表相关的面试题\链表相关的面试题\debug\链表相关的面试题.tlog\link.command.1.tlog
d:\代码\2016年\五月\c++\链表相关的面试题\链表相关的面试题\debug\链表相关的面试题.tlog\link.read.1.tlog
d:\代码\2016年\五月\c++\链表相关的面试题\链表相关的面试题\debug\链表相关的面试题.tlog\link.write.1.tlog
